<?xml version="1.0" encoding="UTF-8"?>
<!-- Generated by org.testng.reporters.JUnitReportReporter -->
<testsuite hostname="Charulatha" failures="0" tests="1" name="jenkinsintegration.standalone.StandaloneTest" time="0.047" errors="0" timestamp="2025-03-27T14:28:30 IST" skipped="0">
  <testcase classname="jenkinsintegration.standalone.StandaloneTest" name="f" time="0.047"/>
</testsuite> <!-- jenkinsintegration.standalone.StandaloneTest -->
