<?xml version="1.0" encoding="UTF-8"?>
<!-- Generated by org.testng.reporters.JUnitReportReporter -->
<testsuite hostname="Charulatha" failures="0" tests="1" name="jenkinsintegration.standalone.StandaloneTest1" time="6.730" errors="0" timestamp="2025-03-27T14:37:14 IST" skipped="0">
  <testcase classname="jenkinsintegration.standalone.StandaloneTest1" name="f" time="6.730"/>
</testsuite> <!-- jenkinsintegration.standalone.StandaloneTest1 -->
